<?xml version="1.0" encoding="UTF-8"?>
<!-- Generated by org.testng.reporters.JUnitReportReporter -->
<testsuite hostname="NDI-LAP-623" failures="0" tests="1" name="com.w2a.testcase.BankManagerLogintest" time="3.282" errors="0" timestamp="2020-05-20T11:10:36 IST" skipped="0">
  <testcase classname="com.w2a.testcase.BankManagerLogintest" name="loginAsBankManager" time="3.282"/>
  <system-out/>
</testsuite> <!-- com.w2a.testcase.BankManagerLogintest -->
